<?xml version="1.0" encoding="UTF-8"?>
<!-- Generated by org.testng.reporters.JUnitReportReporter -->
<testsuite hostname="LAPTOP-LRNS79PC" failures="0" tests="1" name="com.selFrameWorkItlearn.testCases.TestItLearnTestCases" time="2.137" errors="0" timestamp="2022-06-07T13:36:34 CDT" skipped="0">
  <testcase classname="com.selFrameWorkItlearn.testCases.TestItLearnTestCases" name="loginItLearn" time="2.137"/>
  <system-out/>
</testsuite> <!-- com.selFrameWorkItlearn.testCases.TestItLearnTestCases -->
